<?xml version="1.0" encoding="UTF-8"?>
<!-- Generated by org.testng.reporters.JUnitReportReporter -->
<testsuite hostname="DESKTOP-764FFRP" name="com.training.sanity.tests.RetailRegistrationRTTC_001" tests="1" failures="0" timestamp="23 Oct 2019 07:43:22 GMT" time="37.314" errors="0">
  <testcase name="Register" time="37.314" classname="com.training.sanity.tests.RetailRegistrationRTTC_001"/>
</testsuite> <!-- com.training.sanity.tests.RetailRegistrationRTTC_001 -->
