<?xml version="1.0" encoding="UTF-8"?>
<!-- Generated by org.testng.reporters.JUnitReportReporter -->
<testsuite hostname="DESKTOP-764FFRP" name="com.training.sanity.tests.LoginTestRTTC_002" tests="2" failures="0" timestamp="22 Oct 2019 12:48:10 GMT" time="16.245" errors="0">
  <testcase name="Login" time="3.731" classname="com.training.sanity.tests.LoginTestRTTC_002"/>
  <testcase name="launchLoginPage" time="12.514" classname="com.training.sanity.tests.LoginTestRTTC_002"/>
</testsuite> <!-- com.training.sanity.tests.LoginTestRTTC_002 -->
