<?xml version="1.0" encoding="UTF-8"?>
<!-- Generated by org.testng.reporters.JUnitReportReporter -->
<testsuite hostname="DESKTOP-764FFRP" name="com.training.sanity.tests.RecoverPasswordRTTC_003" tests="2" failures="0" timestamp="22 Oct 2019 13:43:50 GMT" time="22.087" errors="0">
  <testcase name="validLoginTest" time="17.769" classname="com.training.sanity.tests.RecoverPasswordRTTC_003"/>
  <testcase name="launchLoginPage" time="4.318" classname="com.training.sanity.tests.RecoverPasswordRTTC_003"/>
</testsuite> <!-- com.training.sanity.tests.RecoverPasswordRTTC_003 -->
