<?xml version="1.0" encoding="UTF-8"?>
<!-- Generated by org.testng.reporters.JUnitReportReporter -->
<testsuite hostname="DESKTOP-764FFRP" name="com.training.sanity.tests.LoginTests" tests="1" failures="0" timestamp="21 Oct 2019 13:34:42 GMT" time="24.972" errors="0">
  <testcase name="validLoginTest" time="24.972" classname="com.training.sanity.tests.LoginTests"/>
</testsuite> <!-- com.training.sanity.tests.LoginTests -->
